0 info it worked if it ends with ok
1 verbose cli [ 'C:\\Program Files\\nodejs\\node.exe',
1 verbose cli   'C:\\Program Files\\nodejs\\node_modules\\npm\\bin\\npm-cli.js',
1 verbose cli   'run-script',
1 verbose cli   'test' ]
2 info using npm@4.1.2
3 info using node@v7.6.0
4 verbose run-script [ 'pretest', 'test', 'posttest' ]
5 info lifecycle project_template@1.0.0~pretest: project_template@1.0.0
6 silly lifecycle project_template@1.0.0~pretest: no script for pretest, continuing
7 info lifecycle project_template@1.0.0~test: project_template@1.0.0
8 verbose lifecycle project_template@1.0.0~test: unsafe-perm in lifecycle true
9 verbose lifecycle project_template@1.0.0~test: PATH: C:\Program Files\nodejs\node_modules\npm\bin\node-gyp-bin;D:\projects\lays\node_modules\.bin;C:\Windows\system32;C:\Windows;C:\Windows\System32\Wbem;C:\Windows\System32\WindowsPowerShell\v1.0\;C:\Program Files (x86)\Skype\Phone\;C:\Program Files\nodejs\;C:\Users\Kamye\AppData\Local\Microsoft\WindowsApps;C:\Users\Kamye\AppData\Roaming\npm
10 verbose lifecycle project_template@1.0.0~test: CWD: D:\projects\lays
11 silly lifecycle project_template@1.0.0~test: Args: [ '/d /s /c', 'echo "Error: no test specified" && exit 1' ]
12 silly lifecycle project_template@1.0.0~test: Returned: code: 1  signal: null
13 info lifecycle project_template@1.0.0~test: Failed to exec test script
14 verbose stack Error: project_template@1.0.0 test: `echo "Error: no test specified" && exit 1`
14 verbose stack Exit status 1
14 verbose stack     at EventEmitter.<anonymous> (C:\Program Files\nodejs\node_modules\npm\lib\utils\lifecycle.js:279:16)
14 verbose stack     at emitTwo (events.js:106:13)
14 verbose stack     at EventEmitter.emit (events.js:192:7)
14 verbose stack     at ChildProcess.<anonymous> (C:\Program Files\nodejs\node_modules\npm\lib\utils\spawn.js:40:14)
14 verbose stack     at emitTwo (events.js:106:13)
14 verbose stack     at ChildProcess.emit (events.js:192:7)
14 verbose stack     at maybeClose (internal/child_process.js:890:16)
14 verbose stack     at Process.ChildProcess._handle.onexit (internal/child_process.js:226:5)
15 verbose pkgid project_template@1.0.0
16 verbose cwd D:\projects\lays
17 error Windows_NT 10.0.14393
18 error argv "C:\\Program Files\\nodejs\\node.exe" "C:\\Program Files\\nodejs\\node_modules\\npm\\bin\\npm-cli.js" "run-script" "test"
19 error node v7.6.0
20 error npm  v4.1.2
21 error code ELIFECYCLE
22 error project_template@1.0.0 test: `echo "Error: no test specified" && exit 1`
22 error Exit status 1
23 error Failed at the project_template@1.0.0 test script 'echo "Error: no test specified" && exit 1'.
23 error Make sure you have the latest version of node.js and npm installed.
23 error If you do, this is most likely a problem with the project_template package,
23 error not with npm itself.
23 error Tell the author that this fails on your system:
23 error     echo "Error: no test specified" && exit 1
23 error You can get information on how to open an issue for this project with:
23 error     npm bugs project_template
23 error Or if that isn't available, you can get their info via:
23 error     npm owner ls project_template
23 error There is likely additional logging output above.
24 verbose exit [ 1, true ]
